[2026-05-06T18:28:12.137+0000] {manager.py:483} INFO - Processing files using up to 2 processes at a time 
[2026-05-06T18:28:12.138+0000] {manager.py:484} INFO - Process each file at most once every 30 seconds
[2026-05-06T18:28:12.139+0000] {manager.py:485} INFO - Checking for new files in /opt/airflow/dags every 300 seconds
[2026-05-06T18:28:12.141+0000] {manager.py:821} INFO - Searching for files in /opt/airflow/dags
[2026-05-06T18:28:12.152+0000] {manager.py:824} INFO - There are 0 files in /opt/airflow/dags
[2026-05-06T18:33:12.156+0000] {manager.py:821} INFO - Searching for files in /opt/airflow/dags
[2026-05-06T18:33:12.238+0000] {manager.py:824} INFO - There are 1 files in /opt/airflow/dags
[2026-05-06T18:33:14.700+0000] {manager.py:997} INFO - 
================================================================================
DAG File Processing Stats

File Path                               PID    Runtime      # DAGs    # Errors  Last Runtime    Last Run               Last # of DB Queries
--------------------------------------  -----  ---------  --------  ----------  --------------  -------------------  ----------------------
/opt/airflow/dags/krx_pipeline_dags.py                           0           1  0.23s           2026-05-06T18:33:12                       3
================================================================================
[2026-05-06T18:33:45.037+0000] {manager.py:997} INFO - 
================================================================================
DAG File Processing Stats

File Path                               PID    Runtime      # DAGs    # Errors  Last Runtime    Last Run               Last # of DB Queries
--------------------------------------  -----  ---------  --------  ----------  --------------  -------------------  ----------------------
/opt/airflow/dags/krx_pipeline_dags.py                           0           1  0.13s           2026-05-06T18:33:43                       5
================================================================================
[2026-05-06T18:34:15.488+0000] {manager.py:997} INFO - 
================================================================================
DAG File Processing Stats

File Path                               PID    Runtime      # DAGs    # Errors  Last Runtime    Last Run               Last # of DB Queries
--------------------------------------  -----  ---------  --------  ----------  --------------  -------------------  ----------------------
/opt/airflow/dags/krx_pipeline_dags.py                           0           1  0.14s           2026-05-06T18:34:13                       5
================================================================================
[2026-05-06T18:34:45.856+0000] {manager.py:997} INFO - 
================================================================================
DAG File Processing Stats

File Path                               PID    Runtime      # DAGs    # Errors  Last Runtime    Last Run               Last # of DB Queries
--------------------------------------  -----  ---------  --------  ----------  --------------  -------------------  ----------------------
/opt/airflow/dags/krx_pipeline_dags.py                           0           1  0.09s           2026-05-06T18:34:43                       5
================================================================================
[2026-05-06T18:35:16.246+0000] {manager.py:997} INFO - 
================================================================================
DAG File Processing Stats

File Path                               PID    Runtime      # DAGs    # Errors  Last Runtime    Last Run               Last # of DB Queries
--------------------------------------  -----  ---------  --------  ----------  --------------  -------------------  ----------------------
/opt/airflow/dags/krx_pipeline_dags.py                           0           1  0.11s           2026-05-06T18:35:14                       5
================================================================================
[2026-05-06T18:35:46.591+0000] {manager.py:997} INFO - 
================================================================================
DAG File Processing Stats

File Path                               PID    Runtime      # DAGs    # Errors  Last Runtime    Last Run               Last # of DB Queries
--------------------------------------  -----  ---------  --------  ----------  --------------  -------------------  ----------------------
/opt/airflow/dags/krx_pipeline_dags.py                           0           1  0.12s           2026-05-06T18:35:44                       5
================================================================================
[2026-05-06T18:36:16.963+0000] {manager.py:997} INFO - 
================================================================================
DAG File Processing Stats

File Path                               PID    Runtime      # DAGs    # Errors  Last Runtime    Last Run               Last # of DB Queries
--------------------------------------  -----  ---------  --------  ----------  --------------  -------------------  ----------------------
/opt/airflow/dags/krx_pipeline_dags.py                           0           1  0.14s           2026-05-06T18:36:15                       5
================================================================================
[2026-05-06T18:36:47.375+0000] {manager.py:997} INFO - 
================================================================================
DAG File Processing Stats

File Path                               PID    Runtime      # DAGs    # Errors  Last Runtime    Last Run               Last # of DB Queries
--------------------------------------  -----  ---------  --------  ----------  --------------  -------------------  ----------------------
/opt/airflow/dags/krx_pipeline_dags.py                           0           1  0.10s           2026-05-06T18:36:45                       5
================================================================================
[2026-05-06T18:37:17.735+0000] {manager.py:997} INFO - 
================================================================================
DAG File Processing Stats

File Path                               PID    Runtime      # DAGs    # Errors  Last Runtime    Last Run               Last # of DB Queries
--------------------------------------  -----  ---------  --------  ----------  --------------  -------------------  ----------------------
/opt/airflow/dags/krx_pipeline_dags.py                           0           1  0.09s           2026-05-06T18:37:15                       5
================================================================================
[2026-05-06T18:37:48.083+0000] {manager.py:997} INFO - 
================================================================================
DAG File Processing Stats

File Path                               PID    Runtime      # DAGs    # Errors  Last Runtime    Last Run               Last # of DB Queries
--------------------------------------  -----  ---------  --------  ----------  --------------  -------------------  ----------------------
/opt/airflow/dags/krx_pipeline_dags.py                           0           1  0.11s           2026-05-06T18:37:46                       5
================================================================================
[2026-05-06T18:38:12.352+0000] {manager.py:821} INFO - Searching for files in /opt/airflow/dags
[2026-05-06T18:38:12.486+0000] {manager.py:824} INFO - There are 1 files in /opt/airflow/dags
[2026-05-06T18:38:18.612+0000] {manager.py:997} INFO - 
================================================================================
DAG File Processing Stats

File Path                               PID    Runtime      # DAGs    # Errors  Last Runtime    Last Run               Last # of DB Queries
--------------------------------------  -----  ---------  --------  ----------  --------------  -------------------  ----------------------
/opt/airflow/dags/krx_pipeline_dags.py                           0           1  0.12s           2026-05-06T18:38:16                       5
================================================================================
[2026-05-06T18:38:49.002+0000] {manager.py:997} INFO - 
================================================================================
DAG File Processing Stats

File Path                               PID    Runtime      # DAGs    # Errors  Last Runtime    Last Run               Last # of DB Queries
--------------------------------------  -----  ---------  --------  ----------  --------------  -------------------  ----------------------
/opt/airflow/dags/krx_pipeline_dags.py                           0           1  0.10s           2026-05-06T18:38:47                       5
================================================================================
[2026-05-06T18:39:19.391+0000] {manager.py:997} INFO - 
================================================================================
DAG File Processing Stats

File Path                               PID    Runtime      # DAGs    # Errors  Last Runtime    Last Run               Last # of DB Queries
--------------------------------------  -----  ---------  --------  ----------  --------------  -------------------  ----------------------
/opt/airflow/dags/krx_pipeline_dags.py                           0           1  0.19s           2026-05-06T18:39:17                       5
================================================================================
